<?xml version="1.0" encoding="UTF-8"?>
<testsuite xmlns:xsi="http://www.w3.org/2001/XMLSchema-instance" xsi:noNamespaceSchemaLocation="https://maven.apache.org/surefire/maven-surefire-plugin/xsd/surefire-test-report.xsd" name="com.esiea.tp4A.domain.CarteTest" time="0.019" tests="5" errors="0" skipped="0" failures="0">
  <properties>
[...]
</properties>
  <testcase name="getTailleX" classname="com.esiea.tp4A.domain.CarteTest" time="0.008"/>
  <testcase name="getTailleY" classname="com.esiea.tp4A.domain.CarteTest" time="0"/>
  <testcase name="valid" classname="com.esiea.tp4A.domain.CarteTest" time="0.003"/>
  <testcase name="destroy" classname="com.esiea.tp4A.domain.CarteTest" time="0"/>
  <testcase name="obstaclePositions" classname="com.esiea.tp4A.domain.CarteTest" time="0.001"/>
</testsuite>